2026-04-16 10:56:04 - Monitored system resources.
2026-04-16 10:56:07 - Displayed top processes.
2026-04-16 10:56:23 - Monitored system resources.
2026-04-16 10:56:23 - Displayed top processes.
2026-04-16 10:56:25 - Monitored system resources.
2026-04-16 10:56:25 - Displayed top processes.
2026-04-16 10:56:28 - Monitored system resources.
2026-04-16 10:56:28 - Displayed top processes.
2026-04-16 10:56:34 - Checked for high-resource-usage processes.
2026-04-16 10:57:22 - Checked for high-resource-usage processes.
2026-04-16 10:57:46 - Terminated process 7418 (chrome) (manual).
2026-04-16 10:57:56 - Auto-kill sequence initiated.
2026-04-16 10:57:56 - Auto-kill sequence completed.
2026-04-16 10:58:06 - Generated performance report.
2026-04-16 10:58:19 - Monitored system resources.
2026-04-16 10:58:53 - Displayed top processes.
2026-04-16 10:59:02 - Monitored system resources.
2026-04-16 10:59:02 - Displayed top processes.
2026-04-16 10:59:05 - Monitored system resources.
2026-04-16 10:59:05 - Displayed top processes.
2026-04-16 10:59:07 - Monitored system resources.
2026-04-16 10:59:07 - Displayed top processes.
2026-04-16 10:59:09 - Monitored system resources.
2026-04-16 10:59:09 - Displayed top processes.
2026-04-16 10:59:11 - Monitored system resources.
2026-04-16 10:59:11 - Displayed top processes.
2026-04-16 10:59:14 - Checked for high-resource-usage processes.
2026-04-16 10:59:27 - Terminated process 6111 (chrome) (manual).
2026-04-16 10:59:40 - Auto-kill sequence initiated.
2026-04-16 10:59:40 - Auto-kill sequence completed.
2026-04-16 10:59:46 - Generated performance report.
2026-04-16 10:59:56 - Monitored system resources.
2026-04-16 11:04:29 - Checked for high-resource-usage processes.
2026-04-16 11:06:47 - Checked for high-resource-usage processes.
